Start testing: Nov 04 23:35 EET
----------------------------------------------------------
1/1 Testing: CheckTest.HandleCheck
1/1 Test: CheckTest.HandleCheck
Command: "/Users/yura_kulakovskyi/Documents/C++/AP/PR9/PR9_2_2/cmake-build-debug/PR9_2_tests" "--gtest_filter=CheckTest.HandleCheck" "--gtest_also_run_disabled_tests"
Directory: /Users/yura_kulakovskyi/Documents/C++/AP/PR9/PR9_2_2/cmake-build-debug
"CheckTest.HandleCheck" start time: Nov 04 23:35 EET
Output:
----------------------------------------------------------
Running main() from /Users/yura_kulakovskyi/Documents/C++/AP/PR9/PR9_2_2/lib/googletest/googletest/src/gtest_main.cc
Note: Google Test filter = CheckTest.HandleCheck
[==========] Running 1 test from 1 test suite.
[----------] Global test environment set-up.
[----------] 1 test from CheckTest
[ RUN      ] CheckTest.HandleCheck
[       OK ] CheckTest.HandleCheck (0 ms)
[----------] 1 test from CheckTest (0 ms total)

[----------] Global test environment tear-down
[==========] 1 test from 1 test suite ran. (0 ms total)
[  PASSED  ] 1 test.
<end of output>
Test time =   0.01 sec
----------------------------------------------------------
Test Passed.
"CheckTest.HandleCheck" end time: Nov 04 23:35 EET
"CheckTest.HandleCheck" time elapsed: 00:00:00
----------------------------------------------------------

End testing: Nov 04 23:35 EET
